Case #1: 
a a a a b b b b b b b b
a a a b b b b b b b c c
a a a a b b b b b b c c
d a a a b b b b b b c d
d e f f g g b g h h h d
d d f f g g g g h h h d
d d f f f g g g h h h d
Case #2: 
a b c c c c c c d d d e e f g g
a a c c c c d d d d d e f f f g
Case #3: 
a
Case #4: 
a a
a a
a a
a a
a a
a a
a a
a a
a a
a a
a a
a a
a a
a a
a a
a a
a a
a a
a a
a a
a a
a a
a a
a a
a a
a a
a a
Case #5: 
a b b b b c c
a a b c c c c
a a a c c c c
Case #6: 
a a a a b b b b b b c c c c d d d d d e e e f f g g g h i i i
a a a a b b b b b b c c c c d d d e e e e e g g g g g i i i i
Case #7: 
a a a a a a a a a a a a a a a a a a a a a a a a a a a a a a a a a a a a a a b b b b b b b b b b b b b b b b b b b b b b b b b b b b b b b b b b b b b b b b b b b b b b b b b b b b b b b b b b b b b b
a a a a a a a a a a a a a a a a a a a a a a a a a a a a a a a a a a a a a a b b b b b b b b b b b b b b b b b b b b b b b b b b b b b b b b b b b b b b b b b b b b b b b b b b b b b b b b b b b b b b
a a a a a a a a a a a a a a a a a a a a a a a a a a a a a a a a a a a a a a b b b b b b b b b b b b b b b b b b b b b b b b b b b b b b b b b b b b b b b b b b b b b b b b b b b b b b b b b b b b b b
a a a a a a a a a a a a a a a a a a a a a a a a a a a a a a a a a a a a a a b b b b b b b b b b b b b b b b b b b b b b b b b b b b b b b b b b b b b b b b b b b b b b b b b b b b b b b b b b b b b b
a a a a a a a a a a a a a a a a a a a a a a a a a a a a a a a a a a a a a a a b b b b b b b b b b b b b b b b b b b b b b b b b b b b b b b b b b b b b b b b b b b b b b b b b b b b b b b b b b b b b
a a a a a a a a a a a a a a a a a a a a a a a a a a a a a a a a a a a a a a a a b b b b b b b b b b b b b b b b b b b b b b b b b b b b b b b b b b b b b b b b b b b b b b b b b b b b b b b b b b b b
a a a a a a a a a a a a a a a a a a a a a a a a a a a a a a a a a a a a a a a a a b b b b b b b b b b b b b b b b b b b b b b b b b b b b b b b b b b b b b b b b b b b b b b b b b b b b b b b b b b b
a a a a a a a a a a a a a a a a a a a a a a a a a a a a a a a a a a a a a a a a a a b b b b b b b b b b b b b b b b b b b b b b b b b b b b b b b b b b b b b b b b b b b b b b b b b b b b b b b b b b
a a a a a a a a a a a a a a a a a a a a a a a a a a a a a a a a a a a a a a a a a a b b b b b b b b b b b b b b b b b b b b b b b b b b b b b b b b b b b b b b b b b b b b b b b b b b b b b b b b b b
a a a a a a a a a a a a a a a a a a a a a a a a a a a a a a a a a a a a a a a a a a a b b b b b a b b b b b b b b b b b b b b b b b b b b b b b b b b b b b b b b b b b b b b b b b b b b b b b b b b b
a a a a a a a a a a a a a a a a a a a a a a a a a a a a a a a a a a a a a a a a a a a a a a a a a b b b b b b b b b b b b b b b b b b b b b b b b b b b b b b b b b b b b b b b b b b b b b b b b b b b
a a a a a a a a a a a a a a a a a a a a a a a a a a a a a a a a a a a a a a a a a a a a a a a a a b b b b b b b b b b b b b b b b b b b b b b b b b b b b b b b b b b b b b b b b b b b b b b b b b b b
a a a a a a a a a a a a a a a a a a a a a a a a a a a a a a a a a a a a a a a a a a a a a a a a a a b b b b b b b b b b b b b b b b b b b b b b b b b b b b b b b b b b b b c c b b b b b c b b b b b b
a a a a a a a a a a a a a a a a a a a a a a a a a a a a a a a a a a a a a a a a a a a a a a a a a a b b b b b b b b b b b b b b b b b b b b b b b b b b b b b b b b b b b c c c c c c c c c c b b b c b
a a a a a a a a a a a a a a a a a a a a a a a a a a a a a a a a a a a a a a a a a a a a a a a a a a b b b b b b b b b b b b b b b b b b b b b b b b b b b b b b b b b b c c c c c c c c c c c c b c c c
a a a a a a a a a a a a a a a a a a a a a a a a a a a a a a a a a a a a a a a a a a a a a a a a a a b b b b b b b b b b b b b b b b b b b b b b b b b b b b b c c c c c c c c c c c c c c c c c c c c c
a a a a a a a a a a a a a a a a a a a a a a a a a a a a a a a a a a a a a a a a a a a a a a a a a a a b b b b b b b b b b b b b b b b b b b b b b b b c c c c c c c c c c c c c c c c c c c c c c c c c
a a a a a a a a a a a a a a a a a a a a a a a a a a a a a a a a a a a a a a a a a a a a a a a a a a a a b b b b b b b b b b b b b b b b b b b b b b c c c c c c c c c c c c c c c c c c c c c c c c c c
a a a a a a a a a a a a a a a a a a a a a a a a a a a a a a a a a a a a a a a a a a a a a a a a a a a a a b b b b b b b b b b b b b b b b b b b c c c c c c c c c c c c c c c c c c c c c c c c c c c c
a a a a a a a a a a a a a a a a a a a a a a a a a a a a a a a a a a a a a a a a a a a a a a a a a a a a a a b b b b b b b b b b b b b b b b c c c c c c c c c c c c c c c c c c c c c c c c c c c c c c
a a a a a a a a a a a a a a a a a a a a a a a a a a a a a a a a a a a a a a a a a a a a a a a a a a a a a a a b b b b b b b b b b b b b b c c c c c c c c c c c c c c c c c c c c c c c c c c c c c c c
a a a a a a a a a a a a a a a a a a a a a a a a a a a a a a a a a a a a a a a a a a a a a a a a a a a a a a a a a a a b b b b b b b b b b c c c c c c c c c c c c c c c c c c c c c c c c c c c c c c c
a a a a a a a a a a a a a a a a a a a a a a a a a a a a a a a a a a a a a a a a a a a a a a a a a a a a a a a a a a a a b b b b b b b b b c c c c c c c c c c c c c c c c c c c c c c c c c c c c c c c
a a a a a a a a a a a a a a a a a a a a a a a a a a a a a a a a a a a a a a a a a a a a a a a a a a a a a a a a a a a a b b b b b b b b b c c c c c c c c c c c c c c c c c c c c c c c c c c c c c c c
a a a a a a a a a a a a a a a a a a a a a a a a a a a a a a a a a a a a a a a a a a a a a a a a a a a a a a a a a a a a a b b b b b b b b c c c c c c c c c c c c c c c c c c c c c c c c c c c c c c c
a a a a a a a a a a a a a a a a a a a a a a a a a a a a a a a a a a a a a a a a a a a a a a a a a a a a a a a a a a a a a b b b b b b c c c c c c c c c c c c c c c c c c c c c c c c c c c c c c c c c
a a a a a a a a a a a a a a a a a a a a a a a a a a a a a a a a a a a a a a a a a a a a a a a a a a a a a a a a a a a a a a a a b b b a c c c c c c c c c c c c c c c c c c c c c c c c c c c c c c c c
a a a a a a a a a a a a a a a a a a a a a a a a a a a a a a a a a a a a a a a a a a a a a a a a a a a a a a a a a a a a a a a a a a a a c c c c c c c c c c c c c c c c c c c c c c c c c c c c c c c c
a a a a a a a a a a a a a a a a a a a a a a a a a a a a a a a a a a a a a a a a a a a a a a a a a a a a a a a a a a a a a a a a a a a c c c c c c c c c c c c c c c c c c c c c c c c c c c c c c c c c
a a a a a a a a a a a a a a a a a a a a a a a a a a a a a a a a a a a a a a a a a a a a a a a a a a a a a a a a a a a a a a a a a a a c c c c c c c c c c c c c c c c c c c c c c c c c c c c c c c c c
a a a a a a a a a a a a a a a a a a a a a a a a a a a a a a a a a a a a a a a a a a a a a a a a a a a a a a a a a a a a a a a a a a a c c c c c c c c c c c c c c c c c c c c c c c c c c c c c c c c c
a a a a a a a a a a a a a a a a a a a a a a a a a a a a a a a a a a a a a a a a a a a a a a a a a a a a a a a a a a a a a a a a a a a a c c c c c c c c c c c c c c c c c c c c c c c c c c c c c c c c
a a a a a a a a a a a a a a a a a a a a a a a a a a a a a a a a a a a a a a a a a a a a a a a a a a a a a a a a a a a a a a a a a a a a a c c c c c c c c c c c c c c c c c c c c c c c c c c c c c c c
a a a a a a a a a a a a a a a a a a a a a a a a a a a a a a a a a a a a a a a a a a a a a a a a a a a a a a a a a a a a a a a a a a a a a a a c c c c c c c c c c c c c c c c c c c c c c c c c c c c c
a a a a a a a a a a a a a a a a a a a a a a a a a a a a a a a a a a a a a a a a a a a a a a a a a a a a a a a a a a a a a a a a a a a a a a a c c c c c c c c c c c c c c c c c c c c c c c c c c c c c
a a a a a a a a a a a a a a a a a a a a a a a a a a a a a a a a a a a a a a a a a a a a a a a a a a a a a a a a a a a a a a a a a a a a a a a c c c c c c c c c c c c c c c c c c c c c c c c c c c c c
a a a a a a a a a a a a a a a a a a a a a a a a a a a a a a a a a a a a a a a a a a a a a a a a a a a a a a a a a a a a a a a a a a a a a a a a c c c c c c c c c c c c c c c c c c c c c c c c c c c c
a a a a a a a a a a a a a a a a a a a a a a a a a a a a a a a a a a a a a a a a a a a a a a a a a a a a a a a a a a a a a a a a a a a a a a a a a a c c c c c c c c c c c c c c c c c c c c c c c c c c
a a a a a a a a a a a a a a a a a a a a a a a a a a a a a a a a a a a a a a a a a a a a a a a a a a a a a a a a a a a a a a a a a a a a a a a a a a a c c c c c c c c c c c c c c c c c c c c c c c c c
a a a a a a a a a a a a a a a a a a a a a a a a a a a a a a a a a a a a a a a a a a a a a a a a a a a a a a a a a a a a a a a a a a a a a a a a a a a c c c c c c c c c c c c c c c c c c c c c c c c c
a a a a a a a a a a a a a a a a a a a a a a a a a a a a a a a a a a a a a a a a a a a a a a a a a a a a a a a a a a a a a a a a a a a a a a a a a a a c c c c c c c c c c c c c c c c c c c c c c c c c
a a a a a a a a a a a a a a a a a a a a a a a a a a a a a a a a a a a a a a a a a a a a a a a a a a a a a a a a a a a a a a a a a a a a a a a a a a a c c c c c c c c c c c c c c c c c c c c c c c c c
a a a a a a a a a a a a a a a a a a a a a a a a a a a a a a a a a a a a a a a a a a a a a a a a a a a a a a a a a a a a a a a a a a a a a a a a a a c c c c c c c c c c c c c c c c c c c c c c c c c c
a a a a a a a a a a a a a a a a a a a a a a a a a a a a a a a a a a a a a a a a a a a a a a a a a a a a a a a a a a a a a a a a a a a a a a a a a a c c c c c c c c c c c c c c c c c c c c c c c c c c
a a a a a a a a a a a a a a a a a a a a a a a a a a a a a a a a a a a a a a a a a a a a a a a a a a a a a a a a a a a a a a a a a a a a a a a a a a c c c c c c c c c c c c c c c c c c c c c c c c c c
d a a a a a a a a a a a a a a a a a a a a a a a a a a a a a a a a a a a a a a a a a a a a a a a a a a a a a a a a a a a a a a a a a a a a a a a a a a c c c c c c c c c c c c c c c c c c c c c c c c c
d d a a a a a a a a a a a a a a a a a a a a a a a a a a a a a a a a a a a a a a a a a a a a a a a a a a a a a a a a a a a a a a a a a a a a a a a b b b c c c c c c c c c c c c c c c c c c c c c c c c
d d a a a a a a a a a a a a a a a a a a a a a a a a a a a a a a a a a a a a a a a a a a a a a a a a a a a a a a a a a a a a a a a a a a a a a a b b b b b c c c c c c c c c c c c c c c c c c c c c c c
d d d d d d a a a a a a a a a a a a a a a a a a a a a a a a a a a a a a a a a a a a a a a a a a a a a a a a a a a a a a a a a a a a a a a b b b b b b b b b c c c c b c c c c c b c c c c c c c c c c c
d d d d d d d d a a a a a a a a a a a a a a a a a a a a a a a a a a a a a a a a a a a a a a a a a a a a a a a a a a a a a a a a a a a a b b b b b b b b b b c c b b b b b b b b b c c c c c c c c c c c
d d d d d d d d d e e e a a a a a a a a a a a a a a a a a a a a a a a a a a a a a a a a a a a a a a a a a a a a a a a a a a a a a a a a b b b b b b b b b b b b b b b b b b b b b c c c c c c c c c c c
d d d d d d d d e e e e e e e e a a a a a a a a a a a a a a a a a a a a a a a a a a a a a a a a a a a a a a a a a a a a a a a a a a a b b b b b b b b b b b b b b b b b b b b b b c c c c c c c c c c c
d d d d d d d d e e e e e e e e e e a a a a a a a a a a a a a a a a a a a a a a a a a a a a a a a a a a a a a a a a a a a a a b b a b b b b b b b b b b b b b b b b b b b b b b b b b b c c c c c c c c
d d d d d d d d d e e e e e e e e e a a a a a a a a a a a a a a a a a a a a a a a a a a a a a a a a a a a a a a a a a a a b b b b b b b b b b b b b b b b b b b b b b b b b b b b b b b c c c c c c c c
d d d d d d d e e e e e e e e e e e e a a a a a a a a a a a a a a a a a a a a a a a a a a a a a a a a a a a a a a a a a b b b b b b b b b b b b b b b b b b b b b b b b b b b b b b b b b c c c b b b b
d d d d d d d e e e e e e e e e e e e e a a e a a a a a a a a a a a a a a a a a a a a a a a a a a a a a a a a a a a a b b b b b b b b b b b b b b b b b b b b b b b b b b b b b b b b b b b c b b b b b
d d d d d d d e e e e e e e e e e e e e e e e e e a a a a a a a a a a a a a a a a a a a a a a a a a a a a a a a a a b b b b b b b b b b b b b b b b b b b b b b b b b b b b b b b b b b b b b b b b b b
d d d d d d d e e e e e e e e e e e e e e e e e e e e e e a a a a a a a a a a a a a a a a a a a a a a a a a a a a b b b b b b b b b b b b b b b b b b b b b b b b b b b b b b b b b b b b b b b b b b b
d d d d d d d e e e e e e e e e e e e e e e e e e e e e e a a a a a a a a a a a a a a a a a a a a a a a a a a a a a b b b b b b b b b b b b b b b b b b b b b b b b b b b b b b b b b b b b b b b b b b
d d d d d d d e e e e e e e e e e e e e e e e e e e e e e a a a a a a a a a a a a a a a a a a a a a a a a a a a a b b b b b b b b b b b b b b b b b b b b b b b b b b b b b b b b b b b b b b b b b b b
d d d d d d d e e e e e e e e e e e e e e e e e e e e e e a a a a a a a e a a a a a a a a a a a a a a a a a a a b b b b b b b b b b b b b b b b b b b b b b b b b b b b b b b b b b b b b b b b b b b b
d d d d d d d e e e e e e e e e e e e e e e e e e e e e e e e e e e e e e e a a a a a a a a a a a a a a a a a b b b b b b b b b b b b b b b b b b b b b b b b b b b b b b b b b b b b b b b b b b b b b
d d d d d d d d e e e e e e e e e e e e e e e e e e e e e e e e e e e e e e e e a a e a a a a a a a a b b b b b b b b b b b b b b b b b b b b b b b b b b b b b b b b b b b b b b b b b b b b b b b b b
d d d d d d d d e e e e e e e e e e e e e e e e e e e e e e e e e e e e e e e e e e e e a a a a a a a b b b b b b b b b b b b b b b b b b b b b b b b b b b b b b b b b b b b b b b b b b b b b b b b b
d d d d d d d d d e e e e e e e e e e e e e e e e e e e e e e e e e e e e e e e e e e e a a a a a b b b b b b b b b b b b b b b b b b b b b b b b b b b b b b b b b b b b b b b b b b b b b b b b b b b
d d d d d d d d d d d e e e e e e e e e e e e e e e e e e e e e e e e e e e e e e e e e e a a a b b b b b b b b b b b b b b b b b b b b b b b b b b b b b b b b b b b b b b b b b b b b b b b b b b b b
d d d d d d d d d d d e e e e e e e e e e e e e e e e e e e e e e e e e e e e e e e e e e e a b b b b b b b b b b b b b b b b b b b b b b b b b b b b b b b b b b b b b b b b b b b b b b b b b b b b b
d d d d d d d d d d d d e e e e e e e e e e e e e e e e e e e e e e e e e e e e e e e e e e e b b b b b b b b b b b b b b b b b b b b b b b b b b b b b b b b b b b b b b b b b b b b b b b b b b b b b
d d d d d d d d d d d d e e e e e e e e e e e e e e e e e e e e e e e e e e e e e e e e e e e b b b b b b b b b b b b b b b b b b b b b b b b b b b b b b b b b b b b b b b b b b b b b b b b b b b b b
d d d d d d d d d d d d d e e e e e e e e e e e e e e e e e e e e e e e e e e e e e e e e e e e b b b b b b b b b b b b b b b b b b b b b b b b b b b b b b b b b b b b b b b b b b b b b b b b b b b b
d d d d d d d d d d d d d d d d d d e e e e e e e e e e e e e e e e e e e e e e e e e e e e e e b b b b b b b b b b b b b b b b b b b b b b b b b b b b b b b b b b b b b c b b b b c c c c b b b b b b
d d d d d d d d d d d d d d d d d d d e e e e e e e e e e e e e e e e e e e e e e e e e e e e e b b b b b b b b b b b b b b b b b b b b b b b b b b b b b b b b b b c c c c c b c c c c c c b b b b c c
d d d d d d d d d d d d d d d d d d d d e e e e e e e e e e e e e e e e e e e e e e e e e e e b b b b b b b b b b b b b b b b b b b b b b b b b b c c c c b c c b c c c c c c c c c c c c c c c b c c c
d d d d d d d d d d d d d d d d d d d d e e e e e e e e e e e e e e e e e e e e e e e e e e e b b b b b b b b b b b b b b b b b b b b b b b b b c c c c c c c c c c c c c c c c c c c c c c c c c c c c
d d d d d d d d d d d d d d d d d d d e e e e e e e e e e e e e e e e e e e e e e e e e e e e b b b b b b b b b b b b b b b b b b b b b b b c c c c c c c c c c c c c c c c c c c c c c c c c c c c c c
d d d d d d d d d d d d d d d d d d d d e e e e e e e e e e e e e e e e e e e e e e e e e e e b b b b b b b b b b b b b b b b b b b b b b b c c c c c c c c c c c c c c c c c c c c c c c c c c c c c c
d d d d d d d d d d d d d d d d d d d d d e e e e e e e e e e e e e e e e e e e e e e e e e e e b b b b b b b b b b b b b b b b b b b b b c c c c c c c c c c c c c c c c c c c c c c c c c c c d d d d
d d d d d d d d d d d d d d d d d d d d d e e e e e e e e e e e e e e e e e e e e e e e e e e e b b b b b b b b b b b b b b b b b b b b c c c c c c c c c c c c c c c c c c c c c c c c d d d d d d d d
d d d d d d d d d d d d d d d d d d d d d e e e e e e e e e e e e e e e e e e e e e e e e e e e e b b b b b b b b b b b b b b b b b b c c c c c c c c c c c c c c c c c c c c c c c c c d d d d d d d d
d d d d d d d d d d d d d d d d d d d d d e e e e e e e e e e e e e e e e e e e e e e e e e e e e b b b b b b b b b b b b b b b b b c c c c c c c c c c c c c c c c c c c c c c c c c c d d d d d d d d
d d d d d d d d d d d d d d d d d d d d d e e e e e e e e e e e e e e e e e e e e e e e e e e e e e b b b b b b b b b b b b b b b b c c c c c c c c c c c c c c c c c c c c c c c c d d d d d d d d d d
d d d d d d d d d d d d d d d d d d d d d d e e e e e e e e e e e e e e e e e e e e e e e e e e e e e b b b b b b b b b b b b b b c c c c c c c c c c c c c c c c c c c c c c c c c d d d d d d d d d d
d d d d d d d d d d d d d d d d d d d d d d d e e e e e e e e e e e e e e e e e e e e e e e e e e e b b b b b b b b b b b b b b b b c c c c c c c c c c c c c c c c c c c c c c c d d d d d d d d d d d
d d d d d d d d d d d d d d d d d d d d d d d d e e e e e e e e e e e e e e e e e e e e e e e e e e b b b b b b b b b b b b b b b b c c c c c c c c c c c c c c c c c c c c c c c d d d d d d d d d d d
d d d d d d d d d d d d d d d d d d d d d d d d e e e e e e e e e e e e e e e e e e e e e e e e e e b b b b b b b b b b b b b b b b c c c c c c c c c c c c c c c c c c c c c c c d d d d d d d d d d d
d d d d d d d d d d d d d d d d d d d d d d d d d e e e e e e e e e e e e e e e e e e e e e e e e e b b b b b b b b b b b b b b c c c c c c c c c c c c c d d d c c c c c c c c d d d d d d d d d d d d
d d d d d d d d d d d d d d d d d d d d d d d d d e e e e e e e e e e e e e e e e e e e e e e e e e c c c c c c c c b b b b b c c c c c c c c c c c c c d d d d d d d d d c c d d d d d d d d d d d d d
d d d d d d d d d d d d d d d d d d d d d d d d e e e e e e e e e e e e e e e e e e e e e e e e e e c c c c c c c c c c c c c c c c c c c c c c c d d d d d d d d d d d d d d d d d d d d d d d d d d d
d d d d d d d d d d d d d d d d d d d d d d d d d e e e e e e e e e e e e e e e e e e e e e e e e c c c c c c c c c c c c c c c c c c c c c c c c d d d d d d d d d d d d d d d d d d d d d d d d d d d
d d d d d d d d d d d d d d d d d d d d d d d d d e e e e e e e e e e e e e e e e e e e e e e e c c c c c c c c c c c c c c c c c c c c c c c c c c c c d d d d d d d d d d d d d d d d d d d d d d d d
d d d d d d d d d d d d d d d d d d d d d d d d d e e e e e e e e e e e e e e e e e e e e e e e c c c c c c c c c c c c c c c c c c c c c c c c c c c c c d d d d d d d d d d d d d d d d d d d d d d d
d d d d d d d d d d d d d d d d d d d d d d d d d d e e e e e e e e e e e e e e e e e e e e e e c c c c c c c c c c c c c c c c c c c c c c c c c c c c d d d d d d d d d d d d d d d d d d d d d d d d
d d d d d d d d d d d d d d d d d d d d d d d d d d e e e e e e e e e e e e e e e e e e e e e e c c c c c c c c c c c c c c c c c c c c c c c c c c c c d d d d d d d d d d d d d d d d d d d d d d d d
d d d d d d d d d d d d d d d d d d d d d d d d d d d e e e e e e e e e e e e e e e e e e e e e c c c c c c c c c c c c c c c c c c c c c c c c c c c c d d d d d d d d d d d d d d d d d d d d d d d d
d d d d d d d d d d d d d d d d d d d d d d d d d d d e e e e e e e e e e e e e e e e e e e e e c c c c c c c c c c c c c c c c c c c c c c c c c c c c d d d d d d d d d d d d d d d d d d d d d d d d
d d d d d d d d d d d d d d d d d d d d d d d d d d d e e e e e e e e e e e e e e e e e e e e e c c c c c c c c c c c c c c c c c c c c c c c c c c c c d d d d d d d d d d d d d d d d d d d d d d d d
d d d d d d d d d d d d d d d d d d d d d d d d d d d d e e e e e e e e e e e e e e e e e e e e c c c c c c c c c c c c c c c c c c c c c c c c c c c c c d d d d d d d d d d d d d d d d d d d d d d d
d d d d d d d d d d d d d d d d d d d d d d d d d d d d e e e e e e e e e e e e e e e e e e e c c c c c c c c c c c c c c c c c c c c c c c c c c c c c c c d d d d d d d d d d d d d d d d d d d d d d
d d d d d d d d d d d d d d d d d d d d d d d d d d d d e e e e e e e e e e e e e e e e e e c c c c c c c c c c c c c c c c c c c c c c c c c c c c c c c c d d d d d d d d d d d d d d d d d d d d d d
d d d d d d d d d d d d d d d d d d d d d d d d d d d d d e e e e e e e e e e e e e e e e c c c c c c c c c c c c c c c c c c c c c c c c c c c c c c c c c d d d d d d d d d d d d d d d d d d d d d d
Case #8: 
a
a
a
a
a
a
a
a
a
a
b
b
b
b
c
c
d
d
d
d
d
d
d
d
d
d
d
d
d
d
e
e
e
e
e
e
e
e
e
e
f
f
f
f
f
f
f
f
f
f
f
f
f
Case #9: 
a a a a a
a a b b a
a b b b a
a b b b a
a a a a a
Case #10: 
a
a
Case #11: 
a a
a a
a a
b b
b b
c b
c c
c c
c c
c c
c c
d d
d d
Case #12: 
a b b b c c
a a b b b c
Case #13: 
a a a a b b b c c c c c c d d d d d d d d d e e e f f f f f f f g g g g
a a a b b b c c c d d c d d d d d d d d d d e e e f f f f f f f g g g g
a a b b c c c c c d d d d d d d d d d d d e e e e e f f f f f f g g g g
b b b b b c c c c d d d d d d d d d d d d e e e e e f f f f f f f g g g
b b b b c c c c c d d d d d d d d d d d d e e e e e e f f f f f f g g g
Case #14: 
a
a
a
a
a
a
b
b
c
c
c
c
c
d
e
e
Case #15: 
a
b
b
b
b
b
c
c
c
d
d
d
d
d
e
e
e
e
f
f
f
g
g
Case #16: 
a b b b b b c c
b b b b b b b c
d b b b b b b c
d d b b b b b b
d d b b b b b b
d d d b b b b b
d d d b b b b c
d d c c c c c c
c c c c c c c c
c c c c c c c c
Case #17: 
a a a a a b b b b b c c c d
Case #18: 
a
a
b
b
b
b
c
c
c
d
d
d
d
d
d
e
e
e
e
e
Case #19: 
a a a a a a a b b b c c c d d d d d d e e e f f f
Case #20: 
a a a b b b
a a a b b b
Case #21: 
a a b b b b b c c c d d e e e e f g g h h h h i i i i j j
a a b b b b c c c c d e e e e e f f g h h h h i i i i j j
a b b b b b c c c c d e e e e e f f f h h h h i i i i j j
Case #22: 
a a a a a a b b c c c c c c c d d d d d d d e f f f f f f f f f f f f f g g g g g g g g g g g g g g g g g g g h h h h i i i j j j j j
Case #23: 
a a a a a a a a a a a a a a a a a a a a a a a a a a a a a a a a a a a a a a a a a a a b b b b b b b b b b b b b b b b b b b b b b b b b b b b b b c c c c c c c c c c c c d d d d d d d d d d d d d d d
a a a a a a a a a a a a a a a a a a a a a a a a a a a a a a a a a a a a a a a a a a b b b b b b b b b b b b b b b b b b b b b b b b b b b b b b c c c c c c c c c c c c c d d d d d d d d d d d d d d d
a a a a a a a a a a a a a a a a a a a a a a a a a a a a a a a a a a a a a a a a a a b b b b b b b b b b b b b b b b b b b b b b b b b b b b b b c c c c c c c c c c c c c c d d d d d d d d d d d d d d
a a a a a a a a a a a a a a a a a a a a a a a a a a a a a a a a a a a a a a a a a b b b b b b b b b b b b b b b b b b b b b b b b b b b b b b b c c c c c c c c c c c c c c d d d d d d d d d d d d d d
a a a a a a a a a a a a a a a a a a a a a a a a a a a a a a a a a a a a a a a a a a b b b b b b b b b b b b b b b b b b b b b b b b b b b b b b c c c c c c c c c c c c c c c d d d d d d d d d d d d d
a a a a a a a a a a a a a a a a a a a a a a a a a a a a a a a a a a a a a a a a a a b b b b b b b b b b b b b b b b b b b b b b b b b b b b b c c c c c c c c c c c c c c c c d d d d d d d d d d d d d
a a a a a a a a a a a a a a a a a a a a a a a a a a a a a a a a a a a a a a a a a b b b b b b b b b b b b b b b b b b b b b b b b b b b b b c c c c c c c c c c c c c c c c c d d d d d d d d d d d d d
a a a a a a a a a a a a a a a a a a a a a a a a a a a a a a a a a a a a a a a a a b b b b b b b b b b b b b b b b b b b b b b b b b b b b b c c c c c c c c c c c c c c c c c d d d d d d d d d d d d d
a a a a a a a a a a a a a a a a a a a a a a a a a a a a a a a a a a a a a a a a a b b b b b b b b b b b b b b b b b b b b b b b b b b b b b b c c c c c c c c c c c c c c c c c d d d d d d d d d d d d
a a a a a a a a a a a a a a a a a a a a a a a a a a a a a a a a a a a a a a a a b b b b b b b b b b b b b b b b b b b b b b b b b b b b b b c c c c c c c c c c c c c c c c c d d d d d d d d d d d d d
e a a a a a a a a a a a a a a a a a a a a a a a a a a a a a a a a a a a a a a b b b b b b b b b b b b b b b b b b b b b b b b b b b b b b b b c c c c c c c c c c c c c c c c d d d d d d d d d d d d d
e e a a e e a a a e e e a a a a a a a a a a a a a a a a a a a a a a a a a a a b b b b b b b b b b b b b b b b b b b b b b b b b b b b b b b c c c c c c c c c c c c c c c c d d d d d d d d d d d d d d
e e e e e e e e e e e e a a a a a a a a a a a a a a a a a a a a a a a b a a a b b b b b b b b b b b b b b b b b b b b b b b b b b b b b b c c c c c c c c c c c c c c c c c d d d d d d d d d d d d d d
e e e e e e e e e e e e e e e a a a a a a a a a a a a a a a a a a a b b b b b b b b b b b b b b b b b b b b b b b b b b b b b b b b b b c c c c c c c c c c c c c c c c c c d d d d d d d d d d d d d d
e e e e e e e e e e e e e e e e a a a a a a a a a a a a a a a a a b b b b b b b b b b b b b b b b b b b b b b b b b b b b b b b b b b b c c c c c c c c c c c c c c c c c c d d d d d d d d d d d d d d
e e e e e e e e e e e e e e e e e a a a a a a a a a a a a a a a a b b b b b b b b b b b b b b b b b b b b b b b b b b b b b b b b b b b c c c c c c c c c c c c c c c c c c d d d d d d d d d d d d d d
e e e e e e e e e e e e e e e e e e a a a a a a a a a a a a a a a b b b b b b b b b b b b b b b b b b b b b b b b b b b b b b b b b b b c c c c c c c c c c c c c c c c c c c d d d d d d d d d d d d d
e e e e e e e e e e e e e e e e e e e e a a a a a a a a a a a a a b b b b b b b b b b b b b b b b b b b b b b b b b b b b b b b b b b b b c c c c c c c c c c c c c c c c c c d d d d d d d d d d d d d
e e e e e e e e e e e e e e e e e e e e e a a a a a a a a a a b b b b b b b b b b b b b b b b b b b b b b b b b b b b b b b b b b b b b b c c c c c c c c c c c c c c c c c c d d d d d d d d d d d d d
e e e e e e e e e e e e e e e e e e e e e e e e e a a a a b b b b b b b b b b b b b b b b b b b b b b b b b b b b b b b b b b b b b b b b c c c c c c c c c c c c c c c c c c d d d d d d d d d d d d d
e e e e e e e e e e e e e e e e e e e e e e e e e e e e e b b b b b b b b b b b b b b b b b b b b b b b b b b b b b b b b b b b b b b b b c c c c c c c c c c c c c c c c c c c d d d d d d d d d d d d
e e e e e e e e e e e e e e e e e e e e e e e e e e e e e b b b b b b b b b b b b b b c c c c c b c c b b b b b b b b b b b b b b b b b b c c c c c c c c c c c c c c c c c c c d d d d d d d d d d d d
e e e e e e e e e e e e e e e e e e e e e e e e e e e e e b b b b b b b b b b b b b c c c c c c c c c c b b b b b b b b b b b b b b b b b c c c c c c c c c c c c c c c c c c c d d d d d d d d d d d d
e e e e e e e e e e e e e e e e e e e e e e e e e e e e e b b b b b b b b b b b b b b c c c c c c c c c c b b c c b b b b b b b b b b b b c c c c c c c c c c c c c c c c c c d d d d d d d d d d d d d
e e e e e e e e e e e e e e e e e e e e e e e e e e e e e b b b b b b b b b b b b b b c c c c c c c c c c c c c c b b b b b b b b b b b b c c c c c c d c c c c c c c c c c c d d d d d d d d d d d d d
e e e e e e e e e e e e e e e e e e e e e e e e e e e e e e b b b b b b b b b b b b b c c c c c c c c c c c c c c c c c b b b b b b b b b c d d d d d d d c c d d c c d d d d d d d d d d d d d d d d d
e e e e e e e e e e e e e e e e e e e e e e e e e e e e e e b b b b b b b b b b b b b c c c c c c c c c c c c c c c c c b b b b b b b c d d d d d d d d d d d d d d d d d d d d d d d d d d d d d d d d
e e e e e e e e e e e e e e e e e e e e e e e e e e e e e b b b b b b b b b b b b b b c c c c c c c c c c c c c c c c c c b b b b c c c d d d d d d d d d d d d d d d d d d d d d d d d d d d d d d d d
e e e e e e e e e e e e e e e e e e e e e e e e e e e e e b b b b b b b b b b b b b b b c c c c c c c c c c c c c c c c c b b b c c c c c d d d d d d d d d d d d d d d d d d d d d d d d d d d d d d d
e e e e e e e e e e e e e e e e e e e e e e e e e e e e b b b b b b b b b b b b b b b b c c c c c c c c c c c c c c c c c b b c c c c c d d d d d d d d d d d d d d d d d d d d d d d d d d d d d d d d
e e e e e e e e e e e e e e e e e e e e e e e e e e e b b b b b b b b b b b b b b b b b c c c c c c c c c c c c d d d d d d c c c c c c d d d d d d d d d d d d d d d d d d d d d d d d d d d d d d d d
e e e e e e e e e e e e e e e e e e e e e e e e e e e b b b b b b b b b b b b b b b b b c c c c c c c c c c c d d d d d d d c c c c c c d d d d d d d d d d d d d d d d d d d d d d d e e e d d d e e e
e e e e e e e e e e e e e e e e e e e e e e e e e e b b b b b b b b b b b b b b b b b b b c c c c c c c c c d d d d d d d d c c c c c c c d d d d d d d d d d d d d d d d d d d d d e e e e e e e e e e
e e e e e e e e e e e e e e e e e e e e e e e e e e b b b b b b b b b b b b b b b b b b b c c c c c c c c d d d d d d d d d c c c c c c c d d d d d d d d d d d d d d d d d d d d d e e e e e e e e e e
e e e e e e e e e e e e e e e e e e e e e e e e e e e b b b b b b b b b b b b b b b b b b c c c c c c c c d d d d d d d d d c c c c c c c c d d d d d d d d d d d d d d d d d d d d e e e e e e e e e e
e e e e e e e e e e e e e e e e e e e e e e e e e e e b b b b b b b b b b b b b b b b b c c c c c c c c d d d d d d d d d d d c c c c c c c c d d d d d d d d d d d d d d d d d d d e e e e e e e e e e
e e e e e e e e e e e e e e e e e e e e e e e e e e e e b b b b b b b b b b b b b b b b b c c c c c c d d d d d d d d d d d d d c c c c c c c c d d d d d d d d d d d d d d d d d d e e e e e e e e e e
f f e e e e e e e e e e e e e e e e e e e e e e e e e e e b b b b b b b b b b b b b b b b c c c c c d d d d d d d d d d d d d d c c c c c c c c d d d d d d d d d d d d d d d d d e e e e e e e e e e e
f f f f f f f f e e e e e e e e e e e e e e e e e e e e e b b b b b b b b b b b b b b b b c c c c c d d d d d d d d d d d d d c c c c c c c c c c c d d d d d d d d d d d d e e e e e e e e e e e e e e
f f f f f f f f f e f f e e e e e e e e e e e e e e e e e b b b b b b b b b b b b b b b b c c c c d d d d d d d d d d d d d d c c c c c c c c c c c d d d d d d d d d d e e e e e e e e e e e e e e e e
f f f f f f f f f f f f f e e e e e e e e e e e e e e e e b b b b b c c c c c c b b b b b b b b c d d d d d d d d d d d d d c c c c c c c c c c c c d d d d d d d d d d e e e e e e e e e e e e e e e e
f f f f f f f f f f f f f f f e e e e e e e e e e e e e e b b b c c c c c c c c c c c c c c c b b b d d d d d d d d d d d d d c c c c c c c c c c c d d d d d d d e e e e e e e e e e e e e e e e e e e
f f f f f f f f f f f f f f f f e e e e e e e e e e e e e b b c c c c c c c c c c c c c c c c c b d d d d d d d d d d d d d d c c c c c c c c c c c d d d e e e e e e e e e e e e e e e e e e e e e e e
f f f f f f f f f f f f f f f f e e e e e e e e e e e e b b b c c c c c c c c c c c c c c c c c c d d d d d d d d d d d d d d c c c c c c c c c c c e e e e e e e e e e e e e e e e e e e e e e e e e e
f f f f f f f f f f f f f f f f f e e e e e e e e e e e e b c c c c c c c c c c c c c c c c c c c c c c d d d d d d d d d d d c c c c c c c c c c e e e e e e e e e e e e e e e e e e e e e e e e e e e
f f f f f f f f f f f f f f f f f f f e e e e e e e e e e b c c c c c c c c c c c c c c c c c c c c c c c d d d d d d d d d d d c c c c c c c e e e e e e e e e e e e e e e e e f f e e e e e e e e e e
f f f f f f f f f f f f f f f f f g g g g g g e e e e e c c c c c c c c c c c c c c c c c c c c c c c c c c c d d d d d d d d d c c c c c e e e e e e e e e e e e e e e e e e f f e e e e e e e e e e e
f f f f f f f f f g g g g g g g g g g g g g g g e e e c c c c c c c c c c c c c c c c c c c c c c c c c c c c c d d d d d d d c c c c c c e e e e e e e e e e e e e e e f f f f f e e e e e e e e e e e
f f f f f f f f g g g g g g g g g g g g g g g g e e c c c c c c c c c c c c c c c c c c c c c c c c c c c c c c c d d d d d c c c c c e e e e e e e e e e e e e e e e e f f f f f e e e e e e e e e e e
f f f f f f f g g g g g g g g g g g g g g g g g g c c c c c c c c c c c c c c c c c c c c c c c c c c c c c c c c c c d d d c c c c c e e e e e e e e e e e e e e e e f f f f f e e e e e e e e e e e e
f f f f f f g g g g g g g g g g g g g g g g g g c c c c c c c c c c c c c c c c c c c c c c c c c c c c c c c c c c c d d d d c c c e e e e e e e e e e e e e e e e e f f f f f e e e e e e e e e e e e
f f f g g g g g g g g g g g g g g g g g g g g g c c c c c c c c c c c c c c c c c c c c c c c c c c c c c c c c c c c c c d e e e e e e e e e e e e e e e e e e e e e f f f f e e e e e e e e e e e e e
f f f g g g g g g g g g g g g g g g g g g g g g g c c c c c c c c c c c c c c c c c c c c c c c c c c c c c c c c c c c c c e e e e e e e e e e e e e e e e e e e e e f f f e e e e e e e e e e e e e e
f f f g g g g g g g g g g g g g g g g g g g g g g g c c c c c c c c c c c c c c c c c c c c c c c c c c c c c c c c c c c c e e e e e e e e e e e e e e e e e e e e f f f f e e e e e e e e e e e e e e
g g g g g g g g g g g g g g g g g g g g g g g g g c c c c c c c c c c c c c c c c c c c c c c c c c c c c c c c c c c c c c e e e e e e e e e e e e e e e e e e f f f f f f g g e e e e e e e e e e e e
g g g g g g g g g g g g g g g g g g g g g g g g g c c c c c c c c c c c c c c c c c c c c c c c c c c c c c c c c c c c c c e e e e e e e e e e e e e e e e e e f f f f f g g g g g g g e e e e e e e e
g g g g g g g g g g g g g g g g g g g g g g g g g c c c c c c c c c c c c c c c c c c c c c c c c c c c c c c c c c c c c c e e e e e e e e e e e e e e e e e f f f f f g g g g g g g g g g g g g e e e
g g g g g g g g g g g g g g g g g g g g g g g g g c c c c c c c c c c c c c c c c c c c c c c c c c c c c c c c c c c c c c e e e e e e e e e e e e e e e g g g g g g g g g g g g g g g g g g g g e e e
g g g g g g g g g g g g g g g g g g g g g g g g g c c c c c c c c c c c c c c c c c c c c c c c c c c c c c c c c c c c c c e e e e e e e e e e e e g g g g g g g g g g g g g g g g g g g g g g g g g e
g g g g g g g g g g g g g g g g g g g g g g g g g g c c c c c c c c c c c c c c c c c c c c c c c c c c c c c c c c c c c c d d d e e e e e e e g g g g g g g g g g g g g g g g g g g g g g g g g g g g
g g g g g g g g g g g g g g g g g g g g g g g g g c c c c c c c c c c c c c c c c c c c c c c c c c c c c c c c c c c c c c d d d d d d e e e g g g g g g g g g g g g g g g g g g g g g g g g g g g g g
g g g g g g g g g g g g g g g g g g g g g g g g g c c c c c c c c c c c c c c c c c c c c c c c c c c c c c c c c c c c c d d d d d d d d g g g g g g d d d d d d d d d g g g g g g g g g g g g g g g g
g g g g g g g g g g g g g g g g g g g g g g g h h c c c c c c c c c c c c c c c c c c c c c c c d c c d d d d d c d d d d d d d d d d d d d d d d d d d d d d d d d d d d g g g g g g g g g g g g g g g
g g g g g g g g g g g g g g h h h g g g g h h h h c c c c c c c c c c d d d d c c c c c c c c d d d d d d d d d d d d d d d d d d d d d d d d d d d d d d d d d d d d d d d g g g g g g g g g g g g g g
g g g g g g g g g g g g h h h h h h h g h h h h h h c c c c c c c c d d d d d c c c c c d d d d d d d d d d d d d d d d d d d d d d d d d d d d d d d d d d d d d d d d d d d g g g g g g g g g g g g g
h h h h h h g g g g g h h h h h h h h h h h h h h h h c c c c c c d d d d d d d c d d d d d d d d d d d d d d d d d d d d d d d d d d d d d d d d d d d d d d d d d d d d d d g g g g g g g g g g g g g
h h h h h h h h h h h h h h h h h h h h h h h h h h h h c d c c d d d d d d d d d d d d d d d d d d d d d d d d d d d d d d d d d d d d d d d d d d d d d d d d d d d d d d d d g g g g g g g g g g g g
h h h h h h h h h h h h h h h h h h h h h h h h h h h h h d d d d d d d d d d d d d d d d d d d d d d d d d d d d d d d d d d d d d d d d d d d d d d d d d d d d d d d d d d d d g g g g g g g g g g g
h h h h h h h h h h h h h h h h h h h h h h h h h h h h h d d d d d d d d d d d d d d d d d d d d d d d d d d d d d d d d d d d d d d d d d d d d d d d d d d d d d d d d d d d d d g g g g g g g g g g
h h h h h h h h h h h h h h h h h h h h h h h h h h h h h d d d d d d d d d d d d d d d d d d d d d d d d d d d d d d d d d d d d d d d d d d d d d d d d d d d d d d d d d d d d d d g g g g g g g g g
h h h h h h h h h h h h h h h h h h h h h h h h h h h h h h i d d d d d d d d d d d d d d d d d d d d d d d d d d d d d d d d d d d d d d d d d d d d d d d d d d d d d d d d d d d d d g g g g g g g g
h h h h h h h h h h h h h h h h h h h h h h h h h h h h h h i i d d d d d d d d d d d d d d d d d d d d d d d d d d d d d d d d d d d d d d d d d d d d d d d d d d d d d d d d d d d d g g g g g g g g
h h h h h h h h h h h h h h h h h h h h h h h h h h h h i i i i d d d d d d d d d d d d d d d d d d d d d d d d d d d d d d d d d d d d d d d d e e e e d d d d d d d d d d d d d d d d d d d d d d g g
h h h h h h h h h h h h h h h h h h h h h h h h h h i i i i i i i i i i i d d d d d d d d d d d d d d d d d d d d d d d d d d d d d d d d d d e e e e e e e e e d e e e e d d d d e e e e e e e d d g g
h h h h h h h h h h h h h h h h h h h h h h h i i i i i i i i i i i i i i i d d d d d d d d d d d d d d d d d d d d d d d d d d d d d d d d d e e e e e e e e e e e e e e e e e e e e e e e e e e e e e
h h h h h h h h h h h h h h h h h h h h h i i i i i i i i i i i i i i i i i i d d d d d d d d d d d d d d d d d d d d d d d d d d d d d d d d e e e e e e e e e e e e e e e e e e e e e e e e e e e e e
h h h h h h h h h h h h h h h h h h h h h i i i i i i i i i i i i i i i i i i i d d d d d d d d d d d d d d d d d d d d d d d d d d d d d d d e e e e e e e e e e e e e e e e e e e e e e e e e e e e e
h h h h h h h h h h h h h h h h h h h h h i i i i i i i i i i i i i i i i i i d d d d d d d d d d d d d d d d d d d d d d d d d d d d d d d d e e e e e e e e e e e e e e e e e e e e e e e e e e e e e
h h h h h h h h h h h h h h h h h h h h h i i i i i i i i i i i i i i i i i i i d d d d d d d d d d d d d d d d d d d d d d d d d d d d d d d d e e e e e e e e e e e e e e e e e e e e e e e e e e e e
h h h h h h h h h h h h h h h h h h h h i i i i i i i i i i i i i i i i i i i i d d d d d d d d d d d d d d d d d d d d d d d d d d d d d d d d e e e e e e e e e e e e e e e e e e e e e e e e e e e e
h h h h h h h h h h h h h h h h h h h h i i i i i i i i i i i i i i i i i i i i d d d d d d d d d d d d d d d d d d d d d d d d d d d d d d d d d e e e e e e e e e e e e e e e e e e e e e e e e e e e
h h h h h h h h h h h h h h h h h h h i i i i i i i i i i i i i i i i i i i i i i d d d d d d d d d d d d e e e e e e d d d d d d d d d d d d d d d e e e e e e e e e e e e e e e e e e e e e e e e e e
h h h h h h h h h h h h h h h h h h i i i i i i i i i i i i i i i i i i i i i i i i d d d d d d d e d e e e e e e e e d d d d d d d d d d d d d d d d e e e e e e e e e e e e e e e e e e e e e e e e e
h h h h h h h h h h h h h h h h h h i i i i i i i i i i i i i i i i i i i i i i i i i d d e e e e e e e e e e e e e e d d d d d d d d d d d d d d d d d d e e e e e e e e e e e e e e e e e e e e e e e
h h h h h h h h h h h h h h h h h i i i i i i i i i i i i i i i i i i i i i i i i i i i e e e e e e e e e e e e e e e e d d d d d d d d d d d d d d d d d d e e e e e e e e e e e e e e e e e e e e e e
h h h h h h h h h h h h h h h i i i i i i i i i i i i i i i i i i i i i i i i i i i i i e e e e e e e e e e e e e e e e d d d d d d d d d d d d d d d d d d d e e e e e e e e e e e e e e e e e e e e e
h h h h h h h h h h h h h h i i i i i i i i i i i i i i i i i i i i i i i i i i i i i i i e e e e e e e e e e e e e e e e d d d d d d d d d d d d d d d d d d e e e e e e e e e e e e e e e e e e e e e
h h h h h h h h h h h h h h i i i i i i i i i i i i i i i i i i i i i i i i i i i i i i i i e e e e e e e e e e e e e e d d d d d d d d d d d d d d d d d d d e e e e e e e e e e e e e e e e e e e e e
h h h h h h h h h h h h h i i i i i i i i i i i i i i i i i i i i i i i i i i i i i i i i i i e e e e e e e e e e e e e d d d d d d d d d d d d d d d d d d d d e e e e e e e e e e e e e e e e e e e e
h h h h h h h h h h h h i i i i i i i i i i i i i i i i i i i i i i i i i i i i i i i i i i i e e e e e e e e e e e e e d d d d d d d d d d d d d d d d d d d d e e e e e e e e e e e e e e e e e e e e
h h h h h h h h h h h h i i i i i i i i i i i i i i i i i i i i i i i i i i i i i i i i i i i e e e e e e e e e e e e e d d d d d d d d d d d d d d d d d d d d d e e e e e e e e e e e e e e e e e e e
h h h h h h h h h h h i i i i i i i i i i i i i i i i i i i i i i i i i i i i i i i i i i i i e e e e e e e e e e e e e d d d d d d d d d d d d d d d d d d d d d e e e e e e e e e e e e e e e e e e e
h h h h h h h h h h i i i i i i i i i i i i i i i i i i i i i i i i i i i i i i i i i i i i e e e e e e e e e e e e e e d d d d d d d d d d d d d d d d d d d d d e e e e e e e e e e e e e e e e e e e
h h h h h h h h h h h i i i i i i i i i i i i i i i i i i i i i i i i i i i i i i i i i i i e e e e e e e e e e e e e e d d d d d d d d d d d d d d d d d d d d d e e e e e e e e e e e e e e e e e e e
h h h h h h h h h h h i i i i i i i i i i i i i i i i i i i i i i i i i i i i i i i i i i i e e e e e e e e e e e e e e d d d d d d d d d d d d d d d d d d d d d d d d e e e e e e e e e e e e e e e e
h h h h h h h h h h h i i i i i i i i i i i i i i i i i i i i i i i i i i i i i i i i i i i i e e e e e e e e e e e e e d d d d d d d d d d d d d d d d d d d d d d d d d e e e e e e e e e e e e e e e
h h h h h h h h h h h i i i i i i i i i i i i i i i i i i i i i i i i i i i i i i i i i i i i e e e e e e e e e e e e e d d d d d d d d d d d d d d d d d d d d d d d d d e e e e e e e e e e e e e e e
h h h h h h h h h h h i i i i i i i i i i i i i i i i i i i i i i i i i i i i i i i i i i i i e e e e e e e e e e e e e e d d d d d d d d d d d d d d d d d d d d d d d d e e e e e e e e e e e e e e e
h h h h h h h h h h i i i i i i i i i i i i i i i i i i i i i i i i i i i i i i i i i i i i i e e e e e e e e e e e e e e e d d d d d d d d d d d d d d d d d d d d d d d e e e e e e e e e e e e e e e
h h h h h h h h i i i i i i i i i i i i i i i i i i i i i i i i i i i i i i i i i i i i i i i e e e e e e e e e e e e e e e d d d d d d d d d d d d d d d d d d d d d d d d e e e e e e e e e e e e e e
Case #24: 
a a a a
Case #25: 
a a a a a
a a a a a
a a a a a
b b a a a
b b b b c
b b b b b
b b b b b
c c b b b
c c b b c
c c c c c
c c c c c
c c c c d
e c c c d
e c c c c
d e c c d
e e d d d
e e d d d
e e e d d
e e e d d
e e f d d
f f f f g
f f f g g
f f g g g
f f g g g
f g g g g
g g g g g
g g g g g
g g g g g
h g g g g
h h g g g
h h g g g
h h g g h
h h h h h
h h h h h
h h h h h
h h h h h
h h h h h
h h h h h
h h h h h
h h h h h
h h h h h
i i h h h
i h h h h
i i i i i
i i i i i
i i i i i
i i i i i
i i i i i
j j j i j
j j j j j
j j j j j
j j j j j
k j j j j
k l l l l
k l l l l
l l l l l
l l l l l
l l l m m
l l l m m
l l l m m
l l l m m
l l l m m
l m m m m
m m m m m
Case #26: 
a a a a a a b b c c
a a a a a a b b c c
a a a a a a a b c c
a a a a a a b b c c
a a a a a b b b b b
a b a a b b b b b b
b b b b b b b b b b
b b b b b b b b b b
b b b b b b b b b b
Case #27: 
a a a a b b b b b b c d d d d e e e f g g g g g g h h i i i i i j j k k k k k k k k l l l l l l l
a a a a b b b b b b c d d d d d e e e g g g g g g g h i i i i j j j k k k k k k k k l l l l l l l
Case #28: 
a b b b c
a b b c c
a a b c c
a b b c c
a b b b c
Case #29: 
a a a a a
a a a a a
a a a a a
a a a a a
a a a a a
a a a a a
a a a a a
a a a a a
a a a a a
a a a a a
a a a a a
a a a a a
b a a a b
b b a b b
b b b b b
b b b b b
b b b b b
b b b b b
b b b b b
b b b b b
b b b b b
b b b b b
b b b b b
b b b b b
b b b b b
b b b b b
b b b b b
b b b b b
Case #30: 
a a a
a a a
a a a
a a a
a a a
a a a
a a a
a a a
a a a
a a a
a a a
a a a
a a a
b b b
b b b
b b b
b b b
b b b
b b b
b b b
b b b
b b b
b b b
b b b
b b b
b b b
b b b
b c b
c c c
c c c
c c c
c c c
c c c
c c c
c c c
c c c
c c c
c c c
c c c
c c c
c c c
c c c
c c c
c c c
c d d
d d d
d d d
d d d
d d d
d d d
d d d
d d d
d d d
d d d
d d d
d d d
d d d
d d d
d d d
d d d
d d d
d d d
d d d
Case #31: 
a a a a b b b c c
a a a a b b b c c
a a a a b b b c c
d a a b b b b c c
d a b b b b b c c
d d d b b b b c c
d d d b b b b b b
d d d d b b b b b
d d d d b b b b b
d d d d e b b b b
d d d e e e e f f
d d e e e e f f f
d d e e e f f f f
d d e e e f g f f
d d e e g g g g g
h h e e g g g g g
h h h g g g g g g
h h h g g g g g g
h h h g g g g g g
h h h h g g h h h
h h h h h h h h h
h h h h h h h h h
h h h h h h i i h
h h h h h h i i i
j h h h h h i i i
j j h h i i i i i
j j h i i i i i i
j j i i i i i i j
k j i i i i i i j
k k i i i i i i j
k l l i i i i i i
l l l l i i i i i
l l l l l i i i i
j j j l l i i i i
j j k k k k k i i
Case #32: 
a a a a a b b b b b c c c c c c d e e e e e e f f f
a a a b b b b b b b c c c c c c d e e e e e f f f f
Case #33: 
a a a a a b b c c c c c d e e e f f f
a a a a a b b c c c c d d e e e e f f
Case #34: 
a a a b b b b b b c d d d d d d e e f f f
a a a a b b b b b c d d d d e e e f f f f
a a a a a b b b c c c d d e e e f f f f f
a a a a a a a b c c c d e e e f f f f f f
a a a a a a a b b c c c c f f f f f f f f
Case #35: 
a b
a a
a a
a a
a a
a a
a a
a a
b b
b b
c b
c c
d c
d d
d d
d d
d d
d d
d d
d d
d d
e d
e e
e e
e f
f f
f f
f f
f f
f f
f f
g h
h h
h h
h h
i h
i i
i i
i i
i i
i i
j k
j j
j j
j j
k k
k k
Case #36: 
a
a
a
a
a
a
a
a
a
a
a
a
a
a
a
a
a
a
a
a
a
a
a
a
a
a
a
a
a
a
a
a
a
a
a
a
a
a
a
a
a
b
b
b
b
b
b
b
b
b
b
b
b
b
b
b
b
b
b
b
b
b
b
b
b
b
b
b
b
b
b
Case #37: 
a a a
a a a
a a a
b b c
b b b
b b c
d d c
d d d
d d d
e d d
e e f
e e f
e e f
e f f
e f f
e f f
g h h
g h h
g g h
i i j
i i j
i i j
i j j
j j j
j j j
j k k
k k k
k k k
k k k
Case #38: 
a a a a
a a a a
a a a b
a a a b
a a a b
a b b b
b b b b
b b c c
b c c c
b c c c
c c c c
c c c d
e e e e
e e e e
e e e e
e e e e
e e e e
e f e e
f f f f
f f f f
f f f f
f f f f
f f f f
f g g g
g g g g
h h g g
h h h g
h h h h
h h h h
h h h h
Case #39: 
a a a a
b a a a
b c c c
b c c c
c c c c
c c c c
d e c c
d d c c
Case #40: 
a a a a b b b c d d d
a a a a b b b c d d d
a a a b b b b b d d d
a a a b b b b b b d d
a a b b b b c b b c d
a a b b b c c c c c c
a a b b b c c c c c c
a a b b b b c c c c c
Case #41: 
a a a
a a a
a a a
b b b
Case #42: 
a b c d e f g h i j k l m
n o p q r s t u v w x y z
Case #43: 
a b b b c
a b b c c
a a a c c
a b c c c
a c c c c
Case #44: 
a a
a a
a a
a a
a a
a a
a a
a a
a a
b b
b b
b b
b b
b b
c b
c b
b b
b b
b b
b b
b b
b b
b b
b b
b b
b b
b b
b b
b b
b b
Case #45: 
a a a a b b b b c c d d e e e e e f f g g g h h h h h i i i i j j j j k k k k k k
l a a b b b b b d d d d e e e e e g g g g g g h h h h i i i i j j j j j k k k k k
Case #46: 
a a a a a a a b b b b b b b c c c c c c c c d d e e e e f f f f f f f f g g g g g g g g h h
a a a a a a a a a b b b b b c c c c c c c d d d d e e f f f f g g g g g g g g g g g g h h h
a a a a a a a a a a b b b b c c c c c c d d d d d d f f f f f f g g g g g g g g g g g h h h
Case #47: 
a a a a a a a a b b b b b
a a a a a a a b b b b b b
c a a a a a a b b b b b b
c c c a a a b b b b b b b
c c c c a a b b b b b b b
c c c c a a b b b b b b b
Case #48: 
a a a a a a a a a a
a a a a a a a a a a
a a a a a a a a a a
a a a a a a a a a a
Case #49: 
a a b
a a a
a a b
b b b
b b b
b b b
b b b
b b b
Case #50: 
a a a b b b b c c c c c c
a a a b b b b b c c c c c
a a a b b b b c c c c c c
a a b b b b c c c c c c c
a a b b b c c c c c c c c
Case #51: 
a a b b
a a b b
a a a b
a a a b
a b b b
b b b b
b b b b
c b b b
c b b b
Case #52: 
a a a a a b b
a a a a b b b
a a a a b b b
a b b b b b b
c b b b b b b
c b b b b b b
c d b b c c c
c c c c c c c
c c c c c c c
c c c c c c c
c c c c c c c
c c c c c c c
Case #53: 
a b b b b c c
a a b b b c c
a a b b c c c
a a b b c c c
a b b b b c c
Case #54: 
a
a
a
a
a
b
b
b
b
b
b
c
c
c
c
c
c
d
e
e
e
e
f
f
f
f
f
f
g
g
g
g
h
h
i
i
i
Case #55: 
a a a a b b b b
a a a a b b b b
a a b b b b b b
c c b b b b b b
c c c d d d d d
c c c d d d d d
c c c c d d d d
c c c c d d d d
c c d d d d d d
c d d d d d d d
c d d e f e e e
d d d e e e e e
d d d e e e e e
d d d e e e e e
d d d d e e e e
f d d f f e e e
f f f f f f e e
f f f f f f f e
f f f f f f f f
f f f f f f f f
f f f f f f f f
f f f f f f g g
g f f g g g g g
g g g g g g g g
Case #56: 
a b b
a a b
a a a
Case #57: 
a a b b b b b b c c c c c d d d e e e e e e e e f f f f f f f f f f g g g g h h h h h i j j k k k k l m m m m m m m m m n n o o o p p p p q
a a b b b b b b c c c c d d d d e e e e e e e e f f f f f f f f f g g g g g h h h h h i j k k k k k l m m m m m m m m n n n n o o p p p p p
Case #58: 
a a a b b b c c
Case #59: 
a a a a b b c c c c c c d d d d e e e f f f g g g
Case #60: 
a a a a a a a b b b b c c c c d d d d d d d e e e e f g g g g h h
Case #61: 
a b b b b b c c c
a b b b b c c c c
Case #62: 
a a a b b b b b b c c c d d d d d d d d d e e e e e e e e e e
a a a a b b b b c c c c d d d d d d d d d e e e e e e e e e e
a a a a b b b c c c c c d d d d d d d d e e e e e e e e e e e
Case #63: 
a a a a b b b b b b b b c c c d d e e e e e f f f f f f g g g g g g g h h h h h h h
Case #64: 
a a a
b b b
Case #65: 
a
a
a
a
a
a
a
a
b
b
Case #66: 
a b b b c c c d d d d d e e e e e e f
a a a b b c c d d d d e e e e e e e f
a a a a c c c d d d e e e e e e e f f
a a a a c c c d e e e e e e e f f f f
a a a a b b b b e e e e e f f f f f f
a a a a a b b b b e e e f f f f f f f
Case #67: 
a a a a a a a a a b
Case #68: 
a b b b c
a b b c c
a a c c c
a b c c c
a c c c c
Case #69: 
a b b b c
a b b c c
a a b c c
a b c c c
a c c c c
Case #70: 
a a a a a a a a b b b b
a a a a a a a a b b b b
a a a a a a a a b b b b
a a a a a a a a a b b b
a a a a a a a a a a b c
a a a a a a a c c c c c
d a a a a a c c c c c c
d a a a a b c c c c c c
d a a b b b c c c c c c
d b b b b b c c c c d d
b b b b b b c d d d d d
e e e b b b d d d d d d
e e e e e d d d d d d d
e e e e e e d d d d d d
e e e e e e e d d d d d
e e e e e e e d d d d e
e e e e e e e f d f e e
e e e e e e e f f f f e
e e e e e e f f f f f e
e e e e e e f f f f f f
Case #71: 
a a a a a b c c
a a a a a b c c
a a a a a a c c
a a a a a a c c
a a a a a a c c
a a a a b c c c
a a a a c c c c
d d d c c c c c
d d d d c c c c
d d d d c c c d
d d d d c c d d
d d d d e e f f
d d d e e e f f
d d d e e e f f
d d e e e e e f
Case #72: 
a a
a a
a a
a a
a b
b b
b b
b b
c c
c c
c c
d c
d d
d d
d d
d e
e e
e e
e e
Case #73: 
a a a a a a
a a a a a a
a a a a a a
a a a a a a
a a a a a a
a a a a a a
a a a a a a
a a a a a a
a a a a a a
b b b a a a
b b b b b b
b b b b b b
b b b b b b
b b b b b b
b b b b b b
b b b b b b
b b b b b b
Case #74: 
a a a a b b b b b b c c c c c c c c c c c c c c c d d d d d d e e e e e e e e e e e
Case #75: 
a a a b b b c c c c c d d
Case #76: 
a
a
a
a
a
a
a
a
b
b
b
b
b
b
Case #77: 
a a
a a
b a
Case #78: 
a a b b c d d
a a b c c c d
Case #79: 
a a a a b b b b b b b
a a a a a b b b b c c
a a a a a b b b b c c
a a a a a b b b b c c
a a a a b b b b b c c
b b a a b b b b b b c
b b b b b b b c c c c
d b b c c c c c c c c
d d b c c c c c c c c
d d d d d c c c c c c
d d d d d d d c c c c
d d d d d d d d d c c
d d d d d d d d d d e
d d d d d d d d d d e
d d d d d e e d d e e
d d d d d e e e e e e
d d d d e e e e e e e
d d e e e e e e e e e
e e e e e e e e e e e
f e e e e e e e e e e
f f g e e e e e e e f
f f g g g g e f e f f
f f f f g g g f f f f
f f f f g g g g f f f
f f f f g g g g g g g
f f f f g g g g g g g
f f f f g g g g g g h
i i g g g g g g g h h
i i i i g g h h h h h
i i i i i i j j h h h
i i i i i i j j j j j
i i i i i j j j j j j
Case #80: 
a a
a a
a a
b b
b b
b b
b b
b b
b b
c c
c c
c c
c c
c c
c c
c c
c c
c c
c c
c c
c c
c c
d d
d d
d d
d d
d d
d d
d d
d d
d d
e e
f f
f f
f f
f f
g g
g h
i h
i h
i h
i i
i i
i i
i i
i i
i i
i i
j j
k k
k k
k k
k k
k k
k k
k k
k k
k k
l l
Case #81: 
a a a a a a a a a a a a a
Case #82: 
a a a a
a a a a
Case #83: 
a
b
b
b
b
b
b
Case #84: 
a a a
b b b
b b b
b b b
b b b
b b b
b b b
c c c
c c c
d c c
d c c
d c c
d d d
d d d
d d d
d d d
d d d
d d d
d d d
Case #85: 
a a a a a a b b b b b
a a a a a a b b b b b
a a a a a b b b b b b
a a a a a a b b b b b
a a a a a b b b b b b
a a a a a a b b b b b
a a a a a a b b b b b
a a a a a a b b b b b
a a a a a b b b b b b
c c c a a b b b b b b
c c c c b b b b b b b
c c c c b b b b b b b
c c c b b b b b b b b
c c c b b b b b b b b
c c c c b b b b b b b
c c c c b b b b b b b
c c c b b b b b b b b
c c b b b b b b b b b
b b b b b b b b b b b
b b b b b b b b b b b
b b b b b b b b b b b
Case #86: 
a a a b b c c c d
a a a b c c c c c
Case #87: 
a b b
a a a
a a a
a a a
b b b
b b b
c c c
c c c
c c c
c c c
d c c
d d d
d d d
d d d
d d d
Case #88: 
a
a
Case #89: 
a a a a a a a a
a a a a a a a a
b a a a a a a a
b c c c a a a a
b b c d d d a b
b b b c c d d b
b c c c c d d b
b c c c d d d b
c c c d d d d b
c c c d d d e b
c c c d d d d e
c c c d d d e e
c c c c d e e e
c c c c c e e e
c c c c c c e e
c c c c c c e e
c c c d d c e f
c c d d d d d f
c d d d d d f f
d d d d d d f f
d d d d d d d f
d d d d d e e e
f f f f f e e e
Case #90: 
a a a b b b b b c c d d d e e f
Case #91: 
a a a a a b b b b b b b c c d d d e e e e e e e f f f g g g g g g g g h h h h h h h h h
a a a a a a b b b b b c c c d d d e e e e e e e f f f g g g g g g g g h h h h h h h h h
a a a a a a a b b b c c c c c d d e e e e e e e f f f g g g g g g g g g h i i i i h h h
Case #92: 
a a a a a a a a b b b b b b b b b b b b b b b b b b b b c c c c c c c c c c c c d d d d d d d d d d d d d d d d d e e e e e e e e e e e f f f f g g g g g g h h h h h h h h h h h h i i i i i i i
Case #93: 
a b b b c c d d d d e e e e e
a a b b b b d d d d e e e e e
a a a b b b b c c c c e e e e
a a a a b b c c c c c d e f f
a b b b b b c c c c c c f f f
b b b b b b c c c c c d f f f
b b b b b c c c c c d d d f f
b b b b b b c d c c d d d d f
Case #94: 
a a
a a
a a
a a
a b
b b
b b
b b
b b
b b
b b
c c
c c
c c
c c
c c
c c
c c
c c
d d
d d
d d
d d
d d
e d
e f
g g
g g
g g
g g
g g
g g
g g
h h
h h
h h
h h
i i
i i
i i
i i
i i
j j
j j
j j
j j
j j
j j
j j
Case #95: 
a a a a b b b b b
c c a a a b b c c
c c c a a a b b c
c c d d d b b b c
c c d d d d b b c
c c d d d d b c c
d c c d d c c c c
Case #96: 
a a a a a b b c c c c c d d d e e
a a a a a b c c c c c c d d e e e
Case #97: 
a a a a a b b b b c c c c c d d d e e e e e e e f f f f f g g g g g h h h h h h i i i i i j j j j j j k k k k l l l l l l l l l l l l l l l l l l
a a a a a b b b b b c c c c d d d e e e e e e e e f f f f g g g g h h h h h h h i i i i i j j j j j j k k k k l l l l l l l l l l l l l l l l l l
Case #98: 
a b b b b c c c d
Case #99: 
a
a
a
Case #100: 
a a a
