Case #1:
Impossible
Case #2:
* *
* *
. .
. c
Case #3:
* * . . .
. . . . .
. . . . c
Case #4:
. .
. .
. .
. c
Case #5:
* * * *
* * * *
* * * *
. . . .
. . . c
Case #6:
Impossible
Case #7:
* . .
. . .
. . .
. . .
. . c
Case #8:
* * *
* . .
* . c
Case #9:
* * *
* . .
. . c
Case #10:
. . . c
Case #11:
* * .
. . .
. . .
. . c
Case #12:
* .
. .
. .
. c
Case #13:
* * * .
. . . .
. . . c
Case #14:
* * * * *
* * * . .
* * * . c
Case #15:
Impossible
Case #16:
* * *
. . .
. . c
Case #17:
* *
* .
. .
. .
. c
Case #18:
* *
. .
. c
Case #19:
* * * *
* * * *
* . . .
. . . .
. . . c
Case #20:
* * * *
* * * *
* * . .
. . . c
Case #21:
. c
Case #22:
* * * * *
* * . . .
. . . . .
. . . . c
Case #23:
* * * .
. . . .
. . . .
. . . .
. . . c
Case #24:
* * * * *
* * . . .
. . . . c
Case #25:
Impossible
Case #26:
* * *
. . .
. . .
. . c
Case #27:
* * * * *
* * * . .
. . . . .
. . . . c
Case #28:
* . . . .
. . . . .
. . . . .
. . . . c
Case #29:
* * * . c
Case #30:
* . .
. . .
. . c
Case #31:
* * * * *
* * * * *
. . . . .
. . . . .
. . . . c
Case #32:
Impossible
Case #33:
* * * *
* * * *
* * * *
* * . .
* . . c
Case #34:
Impossible
Case #35:
* . c
Case #36:
* * * * *
* * * * *
* * * * *
* * . . .
. . . . c
Case #37:
Impossible
Case #38:
. .
. c
Case #39:
. .
. c
Case #40:
Impossible
Case #41:
* * * * *
* * * * *
* * * . .
* . . . c
Case #42:
* * * *
* * * .
. . . .
. . . c
Case #43:
* *
* *
. .
. .
. c
Case #44:
Impossible
Case #45:
Impossible
Case #46:
* * * * *
* * * * *
* * * * *
* * * . .
* * * . c
Case #47:
* * * * *
* * * * *
* * * . .
. . . . c
Case #48:
. . . . c
Case #49:
* * *
* * *
* . .
. . c
Case #50:
* * . .
. . . .
. . . c
Case #51:
* * . c
Case #52:
Impossible
Case #53:
Impossible
Case #54:
* * . . .
. . . . .
. . . . .
. . . . c
Case #55:
*
*
.
c
Case #56:
Impossible
Case #57:
* . . . .
. . . . c
Case #58:
* * .
. . .
. . .
. . .
. . c
Case #59:
Impossible
Case #60:
* * * *
* * * *
* * . .
* * . c
Case #61:
* * *
* * *
. . .
. . c
Case #62:
* *
. .
. .
. c
Case #63:
. . .
. . c
Case #64:
* . . c
Case #65:
* * * * *
* * * * *
* * * * *
* * * . .
* * . . c
Case #66:
Impossible
Case #67:
Impossible
Case #68:
Impossible
Case #69:
* * * * *
* * * * .
. . . . .
. . . . .
. . . . c
Case #70:
* * *
* * *
* * *
* . .
. . c
Case #71:
Impossible
Case #72:
* * * *
* * * *
* * * *
* * . .
* * . c
Case #73:
* * *
* * *
* * *
* . .
* . c
Case #74:
* * . . c
Case #75:
. .
. .
. .
. .
. c
Case #76:
* *
* .
. .
. c
Case #77:
*
*
.
.
c
Case #78:
* * * *
* * . .
* . . c
Case #79:
* * * * .
. . . . .
. . . . .
. . . . .
. . . . c
Case #80:
Impossible
Case #81:
* * * * *
* * * . .
* . . . c
Case #82:
* *
* *
* *
. .
. c
Case #83:
* * *
* * *
. . .
. . .
. . c
Case #84:
. . .
. . .
. . c
Case #85:
* * * *
* * . .
. . . c
Case #86:
* * * * *
* * * * .
. . . . .
. . . . c
Case #87:
* * * * *
* * * * *
* * * * .
. . . . .
. . . . c
Case #88:
Impossible
Case #89:
* * * *
* * . .
. . . .
. . . .
. . . c
Case #90:
* * . .
. . . c
Case #91:
* * *
* * .
. . .
. . .
. . c
Case #92:
* * . .
. . . .
. . . .
. . . c
Case #93:
Impossible
Case #94:
* * . . .
. . . . c
Case #95:
* * * . .
. . . . .
. . . . c
Case #96:
* * * * *
* * * . .
* * . . c
Case #97:
* * * *
* * . .
. . . .
. . . c
Case #98:
c
Case #99:
* * *
. . .
. . .
. . .
. . c
Case #100:
.
.
.
c
Case #101:
* * * * *
* * * * *
* * . . .
. . . . c
Case #102:
Impossible
Case #103:
* * * * *
* * * * *
* * * . .
* * * . c
Case #104:
* * *
* * *
* . .
* . c
Case #105:
* * *
* * *
* * *
. . .
. . c
Case #106:
* * * *
* . . .
. . . c
Case #107:
* * * * *
* * * . .
. . . . .
. . . . .
. . . . c
Case #108:
* * * *
. . . .
. . . .
. . . .
. . . c
Case #109:
* * * . .
* * * . c
Case #110:
* * *
* * .
. . .
. . c
Case #111:
. .
. c
Case #112:
.
c
Case #113:
Impossible
Case #114:
* * * . .
. . . . c
Case #115:
Impossible
Case #116:
* * * * *
* . . . .
. . . . .
. . . . .
. . . . c
Case #117:
Impossible
Case #118:
* * *
* . .
. . .
. . .
. . c
Case #119:
* * * . .
* * . . c
Case #120:
* . .
. . c
Case #121:
* * * *
* . . .
. . . .
. . . .
. . . c
Case #122:
. . . .
. . . .
. . . .
. . . .
. . . c
Case #123:
Impossible
Case #124:
* * * * *
* * * * *
* . . . .
. . . . c
Case #125:
* * * * *
* . . . .
. . . . c
Case #126:
. . . . .
. . . . .
. . . . .
. . . . .
. . . . c
Case #127:
Impossible
Case #128:
. .
. c
Case #129:
. . c
Case #130:
Impossible
Case #131:
* * . .
* * . c
Case #132:
* * * . .
* . . . c
Case #133:
Impossible
Case #134:
* * * *
* * * *
* * * *
* * . .
. . . c
Case #135:
* . . .
. . . .
. . . .
. . . c
Case #136:
* * * * *
. . . . .
. . . . .
. . . . .
. . . . c
Case #137:
Impossible
Case #138:
*
.
.
c
Case #139:
Impossible
Case #140:
. . .
. . .
. . .
. . .
. . c
Case #141:
* * * * *
* . . . .
. . . . .
. . . . c
Case #142:
*
.
c
Case #143:
* * * * .
. . . . .
. . . . .
. . . . c
Case #144:
Impossible
Case #145:
* . . .
. . . c
Case #146:
* * *
* . .
. . .
. . c
Case #147:
. . . .
. . . .
. . . c
Case #148:
Impossible
Case #149:
Impossible
Case #150:
* * * * *
* * * * *
* * * . .
. . . . .
. . . . c
Case #151:
Impossible
Case #152:
* . . .
. . . .
. . . c
Case #153:
* * * .
. . . .
. . . .
. . . c
Case #154:
* *
* *
* .
. .
. c
Case #155:
* * * * *
* * * * *
* * . . .
. . . . .
. . . . c
Case #156:
Impossible
Case #157:
* * * * *
* * * * *
* * * * *
* . . . .
. . . . c
Case #158:
* . .
* . c
Case #159:
Impossible
Case #160:
* * * * *
* * * * *
* * * * *
* * * . .
. . . . c
Case #161:
* * * * *
* * . . .
. . . . .
. . . . .
. . . . c
Case #162:
* * *
* * *
* . .
. . .
. . c
Case #163:
Impossible
Case #164:
* * . .
. . . .
. . . .
. . . .
. . . c
Case #165:
.
.
c
Case #166:
* * * *
* * * *
* * . .
. . . .
. . . c
Case #167:
* * * * *
* * * * *
* . . . .
. . . . .
. . . . c
Case #168:
.
.
.
.
c
Case #169:
* .
. .
. c
Case #170:
* * * *
* * * *
* * . .
* . . c
Case #171:
* * * * *
* * * . .
. . . . c
Case #172:
* * . .
* . . c
Case #173:
* * * *
* * . .
* * . c
Case #174:
* . . . c
Case #175:
*
.
.
.
c
Case #176:
Impossible
Case #177:
* * * *
* . . .
. . . .
. . . c
Case #178:
. c
Case #179:
Impossible
Case #180:
Impossible
Case #181:
* * .
. . .
. . c
Case #182:
* * * * *
* * * * *
* * * . .
* * . . c
Case #183:
* *
. .
. .
. .
. c
Case #184:
Impossible
Case #185:
. . .
. . .
. . .
. . c
Case #186:
* * * . .
. . . . .
. . . . .
. . . . .
. . . . c
Case #187:
.
c
Case #188:
* * * * *
. . . . .
. . . . .
. . . . c
Case #189:
. . . .
. . . c
Case #190:
. .
. .
. c
Case #191:
. . . .
. . . .
. . . .
. . . c
Case #192:
*
*
*
.
c
Case #193:
* * * * .
. . . . .
. . . . c
Case #194:
* .
. .
. .
. .
. c
Case #195:
. . . . .
. . . . .
. . . . c
Case #196:
Impossible
Case #197:
* * * *
* * * *
. . . .
. . . .
. . . c
Case #198:
* * * *
* * * *
* * * .
. . . .
. . . c
Case #199:
Impossible
Case #200:
. . . . .
. . . . .
. . . . .
. . . . c
Case #201:
Impossible
Case #202:
* * * *
. . . .
. . . .
. . . c
Case #203:
* * * *
* * * .
. . . .
. . . .
. . . c
Case #204:
* . . . .
. . . . .
. . . . .
. . . . .
. . . . c
Case #205:
* * * * *
* * * * *
. . . . .
. . . . c
Case #206:
Impossible
Case #207:
Impossible
Case #208:
* * * * *
* * * * *
* * * * *
* * * . .
* . . . c
Case #209:
* * * * *
. . . . .
. . . . c
Case #210:
Impossible
Case #211:
* * . . .
. . . . .
. . . . .
. . . . .
. . . . c
Case #212:
Impossible
Case #213:
* . .
. . .
. . .
. . c
Case #214:
Impossible
Case #215:
* . . .
. . . .
. . . .
. . . .
. . . c
Case #216:
* * * *
* * * *
. . . .
. . . c
Case #217:
* * * *
* * * *
* . . .
. . . c
Case #218:
* * * *
* * * *
* * * *
* . . .
. . . c
Case #219:
* * * *
. . . .
. . . c
Case #220:
. . . . .
. . . . c
Case #221:
Impossible
Case #222:
* . . . .
. . . . .
. . . . c
Case #223:
* * * * *
* * * * *
* * * * *
. . . . .
. . . . c
Case #224:
* * * . .
. . . . .
. . . . .
. . . . c
Case #225:
* * *
* * *
* * .
. . .
. . c
