Case #1:
c..
...
Case #2:
c...*
....*
....*
*****
*****
Case #3:
c.**
Case #4:
c...
....
....
...*
...*
Case #5:
Impossible
Case #6:
c..*
...*
****
Case #7:
c
.
.
.
*
Case #8:
c**
***
***
Case #9:
c...*
....*
*****
*****
Case #10:
Impossible
Case #11:
c...
....
Case #12:
Impossible
Case #13:
c..*
...*
...*
...*
..**
Case #14:
c
.
*
*
*
Case #15:
c....
.....
.....
...**
*****
Case #16:
c...
....
****
****
Case #17:
Impossible
Case #18:
c....
.....
*****
Case #19:
Impossible
Case #20:
c....
.....
.....
.....
Case #21:
c...
....
....
....
****
Case #22:
c...*
....*
....*
*****
Case #23:
c....
.....
.....
.....
...**
Case #24:
c....
.....
.....
.....
.....
Case #25:
Impossible
Case #26:
Impossible
Case #27:
c
.
.
.
Case #28:
Impossible
Case #29:
c*
**
Case #30:
c...*
....*
....*
....*
*****
Case #31:
Impossible
Case #32:
c...
....
....
...*
Case #33:
c.**
..**
..**
..**
..**
Case #34:
Impossible
Case #35:
Impossible
Case #36:
c...
....
....
....
...*
Case #37:
c..
...
..*
Case #38:
Impossible
Case #39:
c*
**
**
**
**
Case #40:
Impossible
Case #41:
c
.
.
*
*
Case #42:
c....
.....
.....
Case #43:
c***
****
****
Case #44:
c
*
*
Case #45:
c...*
....*
...**
Case #46:
Impossible
Case #47:
c.
..
..
..
Case #48:
c****
*****
*****
*****
*****
Case #49:
c..**
...**
...**
Case #50:
c....
.....
.....
*****
*****
Case #51:
Impossible
Case #52:
c....
.....
....*
*****
*****
Case #53:
Impossible
Case #54:
Impossible
Case #55:
c..
...
...
***
Case #56:
c..**
...**
Case #57:
c....
.....
.....
.....
..***
Case #58:
c****
Case #59:
Impossible
Case #60:
Impossible
Case #61:
Impossible
Case #62:
c...*
Case #63:
c
Case #64:
Impossible
Case #65:
c**
***
***
***
Case #66:
Impossible
Case #67:
c
.
Case #68:
c..*
...*
...*
****
****
Case #69:
c
*
Case #70:
Impossible
Case #71:
Impossible
Case #72:
c.
Case #73:
c.***
..***
*****
Case #74:
Impossible
Case #75:
c..
...
...
..*
Case #76:
c....
.....
.....
....*
..***
Case #77:
c****
*****
Case #78:
c.
..
**
Case #79:
c...*
....*
....*
....*
Case #80:
Impossible
Case #81:
c..
Case #82:
c...
....
****
Case #83:
c..**
...**
...**
*****
Case #84:
c.**
..**
****
****
****
Case #85:
Impossible
Case #86:
c...
....
....
..**
Case #87:
c..*
...*
Case #88:
c****
*****
*****
Case #89:
c....
.....
Case #90:
c....
.....
.....
.....
*****
Case #91:
c..*
...*
...*
...*
...*
Case #92:
Impossible
Case #93:
Impossible
Case #94:
c..
...
...
...
Case #95:
c..
...
...
..*
..*
Case #96:
c....
.....
...**
*****
Case #97:
c..*
...*
...*
..**
..**
Case #98:
Impossible
Case #99:
c....
.....
.....
....*
*****
Case #100:
c..
...
...
...
..*
Case #101:
Impossible
Case #102:
c
*
*
*
*
Case #103:
c.***
..***
*****
*****
Case #104:
Impossible
Case #105:
Impossible
Case #106:
c.
..
..
**
**
Case #107:
c*
**
**
Case #108:
c.*
..*
..*
..*
..*
Case #109:
c...
....
....
....
Case #110:
c...
....
...*
Case #111:
c..*
...*
...*
...*
****
Case #112:
c**
***
***
***
***
Case #113:
c.
..
..
..
**
Case #114:
c....
.....
.....
..***
*****
Case #115:
Impossible
Case #116:
c*
Case #117:
c.
..
Case #118:
Impossible
Case #119:
c.*
..*
***
***
Case #120:
Impossible
Case #121:
c.**
..**
Case #122:
c.*
..*
***
***
***
Case #123:
c..
...
...
...
***
Case #124:
c..**
...**
*****
*****
Case #125:
c***
Case #126:
c..
...
...
***
***
Case #127:
c....
.....
...**
*****
*****
Case #128:
c.***
..***
*****
*****
*****
Case #129:
Impossible
Case #130:
c.*
..*
..*
***
***
Case #131:
Impossible
Case #132:
c..
...
...
Case #133:
c
.
.
.
.
Case #134:
c..**
...**
*****
Case #135:
Impossible
Case #136:
c***
****
Case #137:
c....
.....
....*
Case #138:
Impossible
Case #139:
c....
.....
.....
....*
Case #140:
c...*
....*
....*
Case #141:
c...
....
...*
...*
...*
Case #142:
c
*
*
*
Case #143:
Impossible
Case #144:
c..*
Case #145:
c..
...
...
...
...
Case #146:
Impossible
Case #147:
c..**
...**
*****
*****
*****
Case #148:
c****
*****
*****
*****
Case #149:
c....
.....
*****
*****
Case #150:
Impossible
Case #151:
c.**
..**
..**
****
****
Case #152:
Impossible
Case #153:
c.
..
**
**
Case #154:
c..
...
..*
..*
Case #155:
Impossible
Case #156:
c....
Case #157:
c...*
....*
...**
*****
*****
Case #158:
c..*
...*
...*
..**
****
Case #159:
c.*
..*
..*
..*
Case #160:
Impossible
Case #161:
Impossible
Case #162:
c.**
..**
****
Case #163:
c.**
..**
..**
..**
****
Case #164:
c.*
Case #165:
c
.
*
*
Case #166:
Impossible
Case #167:
c....
.....
.....
.....
....*
Case #168:
c..*
...*
...*
****
Case #169:
c**
Case #170:
c.
..
..
..
..
Case #171:
c....
.....
.....
*****
Case #172:
Impossible
Case #173:
Impossible
Case #174:
c....
.....
.....
..***
Case #175:
c..*
...*
...*
Case #176:
c..
...
***
Case #177:
c.*
..*
***
Case #178:
c....
.....
...**
Case #179:
Impossible
Case #180:
c...
....
....
Case #181:
c**
***
Case #182:
c....
.....
.....
...**
Case #183:
Impossible
Case #184:
c...
Case #185:
c...
....
..**
Case #186:
c.
..
..
Case #187:
c...*
....*
Case #188:
c.***
..***
Case #189:
Impossible
Case #190:
c***
****
****
****
Case #191:
c.
..
..
**
Case #192:
c
.
.
*
Case #193:
c.***
Case #194:
c...
....
....
****
Case #195:
Impossible
Case #196:
Impossible
Case #197:
c....
.....
*****
*****
*****
Case #198:
c...*
....*
*****
*****
*****
Case #199:
c.
..
**
**
**
Case #200:
Impossible
Case #201:
c
.
*
Case #202:
Impossible
Case #203:
c*
**
**
**
Case #204:
c.**
..**
****
****
Case #205:
c..
...
...
..*
***
Case #206:
c..**
...**
...**
*****
*****
Case #207:
Impossible
Case #208:
Impossible
Case #209:
c.*
..*
..*
..*
***
Case #210:
Impossible
Case #211:
c.*
..*
Case #212:
c...
....
..**
****
Case #213:
c.*
..*
..*
***
Case #214:
c...
....
....
....
....
Case #215:
Impossible
Case #216:
c...
....
...*
..**
Case #217:
c..*
...*
****
****
Case #218:
c...
....
...*
****
Case #219:
c...*
....*
...**
*****
Case #220:
c..**
Case #221:
c
.
.
Case #222:
Impossible
Case #223:
c...*
....*
*****
Case #224:
c***
****
****
****
****
Case #225:
c....
.....
....*
*****
