Case #1: 137 8
Case #2: 982 10
Case #3: 1000 1000
Case #4: 955 29
Case #5: 994 35
Case #6: 972 25
Case #7: 978 32
Case #8: 534 19
Case #9: 603 23
Case #10: 207 26
Case #11: 481 481
Case #12: 982 27
Case #13: 836 7
Case #14: 0 0
Case #15: 976 25
Case #16: 680 14
Case #17: 988 44
Case #18: 977 36
Case #19: 67 10
Case #20: 91 5
Case #21: 887 887
Case #22: 963 39
Case #23: 971 59
Case #24: 273 24
Case #25: 660 35
Case #26: 981 83
Case #27: 346 9
Case #28: 957 40
Case #29: 0 0
Case #30: 991 39
Case #31: 976 76
Case #32: 676 33
Case #33: 79 79
Case #34: 712 6
Case #35: 0 0
Case #36: 686 8
Case #37: 0 0
Case #38: 246 32
Case #39: 413 26
Case #40: 974 29
Case #41: 608 28
Case #42: 937 3
Case #43: 972 63
Case #44: 67 14
Case #45: 1000 1000
Case #46: 0 0
Case #47: 283 21
Case #48: 152 21
Case #49: 994 63
Case #50: 0 0
