Case #1: 1 1
Case #2: 10 5
Case #3: 9 2
Case #4: 10 4
Case #5: 7 1
Case #6: 10 10
Case #7: 0 0
Case #8: 0 0
Case #9: 3 2
Case #10: 0 0
Case #11: 0 0
Case #12: 9 6
Case #13: 5 2
Case #14: 8 4
Case #15: 3 2
Case #16: 7 1
Case #17: 8 2
Case #18: 9 5
Case #19: 9 2
Case #20: 5 0
Case #21: 3 1
Case #22: 0 0
Case #23: 2 2
Case #24: 6 3
Case #25: 10 10
Case #26: 7 2
Case #27: 4 2
Case #28: 9 3
Case #29: 10 10
Case #30: 4 1
Case #31: 8 2
Case #32: 8 3
Case #33: 8 3
Case #34: 6 1
Case #35: 5 2
Case #36: 7 7
Case #37: 3 1
Case #38: 8 2
Case #39: 6 3
Case #40: 4 1
Case #41: 10 10
Case #42: 10 10
Case #43: 2 2
Case #44: 1 0
Case #45: 0 0
Case #46: 0 0
Case #47: 10 10
Case #48: 8 3
Case #49: 7 2
Case #50: 0 0
